This file contains any messages produced by compilers while
running configure, to aid debugging if configure makes a mistake.

It was created by libdotnet configure 0.1, which was
generated by GNU Autoconf 2.69.  Invocation command line was

  $ ./configure --no-create --no-recursion

## --------- ##
## Platform. ##
## --------- ##

hostname = ace
uname -m = x86_64
uname -r = 3.19.0-22-generic
uname -s = Linux
uname -v = #22-Ubuntu SMP Tue Jun 16 17:15:15 UTC 2015

/usr/bin/uname -p = unknown
/bin/uname -X     = unknown

/bin/arch              = unknown
/usr/bin/arch -k       = unknown
/usr/convex/getsysinfo = unknown
/usr/bin/hostinfo      = unknown
/bin/machine           = unknown
/usr/bin/oslevel       = unknown
/bin/universe          = unknown

PATH: /usr/local/sbin
PATH: /usr/local/bin
PATH: /usr/sbin
PATH: /usr/bin
PATH: /sbin
PATH: /bin


## ----------- ##
## Core tests. ##
## ----------- ##

configure:2382: checking for a BSD-compatible install
configure:2450: result: /usr/bin/install -c
configure:2461: checking whether build environment is sane
configure:2516: result: yes
configure:2667: checking for a thread-safe mkdir -p
configure:2706: result: /bin/mkdir -p
configure:2713: checking for gawk
configure:2743: result: no
configure:2713: checking for mawk
configure:2729: found /usr/bin/mawk
configure:2740: result: mawk
configure:2751: checking whether make sets $(MAKE)
configure:2773: result: yes
configure:2802: checking whether make supports nested variables
configure:2819: result: yes
configure:2957: checking whether make supports nested variables
configure:2974: result: yes
configure:3034: checking for gcc
configure:3050: found /usr/bin/gcc
configure:3061: result: gcc
configure:3290: checking for C compiler version
configure:3299: gcc --version >&5
gcc (Ubuntu 4.9.2-10ubuntu13) 4.9.2
Copyright (C) 2014 Free Software Foundation, Inc.
This is free software; see the source for copying conditions.  There is NO
warranty; not even for MERCHANTABILITY or FITNESS FOR A PARTICULAR PURPOSE.

configure:3310: $? = 0
configure:3299: gcc -v >&5
Using built-in specs.
COLLECT_GCC=gcc
COLLECT_LTO_WRAPPER=/usr/lib/gcc/x86_64-linux-gnu/4.9/lto-wrapper
Target: x86_64-linux-gnu
Configured with: ../src/configure -v --with-pkgversion='Ubuntu 4.9.2-10ubuntu13' --with-bugurl=file:///usr/share/doc/gcc-4.9/README.Bugs --enable-languages=c,c++,java,go,d,fortran,objc,obj-c++ --prefix=/usr --program-suffix=-4.9 --enable-shared --enable-linker-build-id --libexecdir=/usr/lib --without-included-gettext --enable-threads=posix --with-gxx-include-dir=/usr/include/c++/4.9 --libdir=/usr/lib --enable-nls --with-sysroot=/ --enable-clocale=gnu --enable-libstdcxx-debug --enable-libstdcxx-time=yes --enable-gnu-unique-object --disable-vtable-verify --enable-plugin --with-system-zlib --disable-browser-plugin --enable-java-awt=gtk --enable-gtk-cairo --with-java-home=/usr/lib/jvm/java-1.5.0-gcj-4.9-amd64/jre --enable-java-home --with-jvm-root-dir=/usr/lib/jvm/java-1.5.0-gcj-4.9-amd64 --with-jvm-jar-dir=/usr/lib/jvm-exports/java-1.5.0-gcj-4.9-amd64 --with-arch-directory=amd64 --with-ecj-jar=/usr/share/java/eclipse-ecj.jar --enable-objc-gc --enable-multiarch --disable-werror --with-arch-32=i686 --with-abi=m64 --with-multilib-list=m32,m64,mx32 --enable-multilib --with-tune=generic --enable-checking=release --build=x86_64-linux-gnu --host=x86_64-linux-gnu --target=x86_64-linux-gnu
Thread model: posix
gcc version 4.9.2 (Ubuntu 4.9.2-10ubuntu13) 
configure:3310: $? = 0
configure:3299: gcc -V >&5
gcc: error: unrecognized command line option '-V'
gcc: fatal error: no input files
compilation terminated.
configure:3310: $? = 4
configure:3299: gcc -qversion >&5
gcc: error: unrecognized command line option '-qversion'
gcc: fatal error: no input files
compilation terminated.
configure:3310: $? = 4
configure:3330: checking whether the C compiler works
configure:3352: gcc    conftest.c  >&5
configure:3356: $? = 0
configure:3404: result: yes
configure:3407: checking for C compiler default output file name
configure:3409: result: a.out
configure:3415: checking for suffix of executables
configure:3422: gcc -o conftest    conftest.c  >&5
configure:3426: $? = 0
configure:3448: result: 
configure:3470: checking whether we are cross compiling
configure:3478: gcc -o conftest    conftest.c  >&5
configure:3482: $? = 0
configure:3489: ./conftest
configure:3493: $? = 0
configure:3508: result: no
configure:3513: checking for suffix of object files
configure:3535: gcc -c   conftest.c >&5
configure:3539: $? = 0
configure:3560: result: o
configure:3564: checking whether we are using the GNU C compiler
configure:3583: gcc -c   conftest.c >&5
configure:3583: $? = 0
configure:3592: result: yes
configure:3601: checking whether gcc accepts -g
configure:3621: gcc -c -g  conftest.c >&5
configure:3621: $? = 0
configure:3662: result: yes
configure:3679: checking for gcc option to accept ISO C89
configure:3742: gcc  -c -g -O2  conftest.c >&5
configure:3742: $? = 0
configure:3755: result: none needed
configure:3780: checking whether gcc understands -c and -o together
configure:3802: gcc -c conftest.c -o conftest2.o
configure:3805: $? = 0
configure:3802: gcc -c conftest.c -o conftest2.o
configure:3805: $? = 0
configure:3817: result: yes
configure:3845: checking for style of include used by make
configure:3873: result: GNU
configure:3899: checking dependency style of gcc
configure:4010: result: gcc3
configure:4076: checking for ar
configure:4092: found /usr/bin/ar
configure:4103: result: ar
configure:4129: checking the archiver (ar) interface
configure:4145: gcc -c -g -O2  conftest.c >&5
configure:4145: $? = 0
configure:4147: ar cru libconftest.a conftest.o >&5
configure:4150: $? = 0
configure:4178: result: ar
configure:4201: checking for valac
configure:4219: found /usr/local/bin/valac
configure:4232: result: /usr/local/bin/valac
configure:4273: checking whether NLS is requested
configure:4282: result: yes
configure:4300: checking for intltool >= 0.35.0
configure:4302: result: 0.51.0 found
configure:4310: checking for intltool-update
configure:4328: found /usr/bin/intltool-update
configure:4340: result: /usr/bin/intltool-update
configure:4350: checking for intltool-merge
configure:4368: found /usr/bin/intltool-merge
configure:4380: result: /usr/bin/intltool-merge
configure:4390: checking for intltool-extract
configure:4408: found /usr/bin/intltool-extract
configure:4420: result: /usr/bin/intltool-extract
configure:4574: checking for xgettext
configure:4592: found /usr/bin/xgettext
configure:4604: result: /usr/bin/xgettext
configure:4614: checking for msgmerge
configure:4632: found /usr/bin/msgmerge
configure:4644: result: /usr/bin/msgmerge
configure:4654: checking for msgfmt
configure:4672: found /usr/bin/msgfmt
configure:4684: result: /usr/bin/msgfmt
configure:4694: checking for gmsgfmt
configure:4725: result: /usr/bin/msgfmt
configure:4745: checking for perl
configure:4763: found /usr/bin/perl
configure:4775: result: /usr/bin/perl
configure:4786: checking for perl >= 5.8.1
configure:4793: result: 5.20.2
configure:4797: checking for XML::Parser
configure:4800: result: ok
configure:4826: checking how to run the C preprocessor
configure:4857: gcc -E  conftest.c
configure:4857: $? = 0
configure:4871: gcc -E  conftest.c
conftest.c:12:28: fatal error: ac_nonexistent.h: No such file or directory
 #include <ac_nonexistent.h>
                            ^
compilation terminated.
configure:4871: $? = 1
configure: failed program was:
| /* confdefs.h */
| #define PACKAGE_NAME "libdotnet"
| #define PACKAGE_TARNAME "libdotnet"
| #define PACKAGE_VERSION "0.1"
| #define PACKAGE_STRING "libdotnet 0.1"
| #define PACKAGE_BUGREPORT ""
| #define PACKAGE_URL ""
| #define PACKAGE "libdotnet"
| #define VERSION "0.1"
| #define GETTEXT_PACKAGE "libdotnet"
| /* end confdefs.h.  */
| #include <ac_nonexistent.h>
configure:4896: result: gcc -E
configure:4916: gcc -E  conftest.c
configure:4916: $? = 0
configure:4930: gcc -E  conftest.c
conftest.c:12:28: fatal error: ac_nonexistent.h: No such file or directory
 #include <ac_nonexistent.h>
                            ^
compilation terminated.
configure:4930: $? = 1
configure: failed program was:
| /* confdefs.h */
| #define PACKAGE_NAME "libdotnet"
| #define PACKAGE_TARNAME "libdotnet"
| #define PACKAGE_VERSION "0.1"
| #define PACKAGE_STRING "libdotnet 0.1"
| #define PACKAGE_BUGREPORT ""
| #define PACKAGE_URL ""
| #define PACKAGE "libdotnet"
| #define VERSION "0.1"
| #define GETTEXT_PACKAGE "libdotnet"
| /* end confdefs.h.  */
| #include <ac_nonexistent.h>
configure:4959: checking for grep that handles long lines and -e
configure:5017: result: /bin/grep
configure:5022: checking for egrep
configure:5084: result: /bin/grep -E
configure:5089: checking for ANSI C header files
configure:5109: gcc -c -g -O2  conftest.c >&5
configure:5109: $? = 0
configure:5182: gcc -o conftest -g -O2   conftest.c  >&5
configure:5182: $? = 0
configure:5182: ./conftest
configure:5182: $? = 0
configure:5193: result: yes
configure:5206: checking for sys/types.h
configure:5206: gcc -c -g -O2  conftest.c >&5
configure:5206: $? = 0
configure:5206: result: yes
configure:5206: checking for sys/stat.h
configure:5206: gcc -c -g -O2  conftest.c >&5
configure:5206: $? = 0
configure:5206: result: yes
configure:5206: checking for stdlib.h
configure:5206: gcc -c -g -O2  conftest.c >&5
configure:5206: $? = 0
configure:5206: result: yes
configure:5206: checking for string.h
configure:5206: gcc -c -g -O2  conftest.c >&5
configure:5206: $? = 0
configure:5206: result: yes
configure:5206: checking for memory.h
configure:5206: gcc -c -g -O2  conftest.c >&5
configure:5206: $? = 0
configure:5206: result: yes
configure:5206: checking for strings.h
configure:5206: gcc -c -g -O2  conftest.c >&5
configure:5206: $? = 0
configure:5206: result: yes
configure:5206: checking for inttypes.h
configure:5206: gcc -c -g -O2  conftest.c >&5
configure:5206: $? = 0
configure:5206: result: yes
configure:5206: checking for stdint.h
configure:5206: gcc -c -g -O2  conftest.c >&5
configure:5206: $? = 0
configure:5206: result: yes
configure:5206: checking for unistd.h
configure:5206: gcc -c -g -O2  conftest.c >&5
configure:5206: $? = 0
configure:5206: result: yes
configure:5221: checking locale.h usability
configure:5221: gcc -c -g -O2  conftest.c >&5
configure:5221: $? = 0
configure:5221: result: yes
configure:5221: checking locale.h presence
configure:5221: gcc -E  conftest.c
configure:5221: $? = 0
configure:5221: result: yes
configure:5221: checking for locale.h
configure:5221: result: yes
configure:5232: checking for LC_MESSAGES
configure:5248: gcc -o conftest -g -O2   conftest.c  >&5
configure:5248: $? = 0
configure:5256: result: yes
configure:5273: checking libintl.h usability
configure:5273: gcc -c -g -O2  conftest.c >&5
configure:5273: $? = 0
configure:5273: result: yes
configure:5273: checking libintl.h presence
configure:5273: gcc -E  conftest.c
configure:5273: $? = 0
configure:5273: result: yes
configure:5273: checking for libintl.h
configure:5273: result: yes
configure:5281: checking for ngettext in libc
configure:5299: gcc -o conftest -g -O2   conftest.c  >&5
configure:5299: $? = 0
configure:5308: result: yes
configure:5312: checking for dgettext in libc
configure:5330: gcc -o conftest -g -O2   conftest.c  >&5
configure:5330: $? = 0
configure:5339: result: yes
configure:5346: checking for bind_textdomain_codeset
configure:5346: gcc -o conftest -g -O2   conftest.c  >&5
configure:5346: $? = 0
configure:5346: result: yes
configure:5622: checking for msgfmt
configure:5649: result: /usr/bin/msgfmt
configure:5660: checking for dcgettext
configure:5660: gcc -o conftest -g -O2   conftest.c   >&5
conftest.c:49:6: warning: conflicting types for built-in function 'dcgettext'
 char dcgettext ();
      ^
configure:5660: $? = 0
configure:5660: result: yes
configure:5670: checking if msgfmt accepts -c
configure:5685: $MSGFMT -c -o /dev/null conftest.foo
conftest.foo:3: warning: header field 'Language' missing in header
configure:5688: $? = 0
configure:5690: result: yes
configure:5700: checking for gmsgfmt
configure:5731: result: /usr/bin/msgfmt
configure:5741: checking for xgettext
configure:5768: result: /usr/bin/xgettext
configure:5787: gcc -o conftest -g -O2   conftest.c   >&5
configure:5787: $? = 0
configure:5933: checking build system type
configure:5947: result: x86_64-unknown-linux-gnu
configure:5967: checking host system type
configure:5980: result: x86_64-unknown-linux-gnu
configure:6079: checking how to print strings
configure:6106: result: printf
configure:6127: checking for a sed that does not truncate output
configure:6191: result: /bin/sed
configure:6209: checking for fgrep
configure:6271: result: /bin/grep -F
configure:6306: checking for ld used by gcc
configure:6373: result: /usr/bin/ld
configure:6380: checking if the linker (/usr/bin/ld) is GNU ld
configure:6395: result: yes
configure:6407: checking for BSD- or MS-compatible name lister (nm)
configure:6456: result: /usr/bin/nm -B
configure:6586: checking the name lister (/usr/bin/nm -B) interface
configure:6593: gcc -c -g -O2  conftest.c >&5
configure:6596: /usr/bin/nm -B "conftest.o"
configure:6599: output
0000000000000000 B some_variable
configure:6606: result: BSD nm
configure:6609: checking whether ln -s works
configure:6613: result: yes
configure:6621: checking the maximum length of command line arguments
configure:6752: result: 1572864
configure:6769: checking whether the shell understands some XSI constructs
configure:6779: result: yes
configure:6783: checking whether the shell understands "+="
configure:6789: result: yes
configure:6824: checking how to convert x86_64-unknown-linux-gnu file names to x86_64-unknown-linux-gnu format
configure:6864: result: func_convert_file_noop
configure:6871: checking how to convert x86_64-unknown-linux-gnu file names to toolchain format
configure:6891: result: func_convert_file_noop
configure:6898: checking for /usr/bin/ld option to reload object files
configure:6905: result: -r
configure:6979: checking for objdump
configure:6995: found /usr/bin/objdump
configure:7006: result: objdump
configure:7035: checking how to recognize dependent libraries
configure:7233: result: pass_all
configure:7318: checking for dlltool
configure:7348: result: no
configure:7375: checking how to associate runtime and link libraries
configure:7402: result: printf %s\n
configure:7526: checking for archiver @FILE support
configure:7543: gcc -c -g -O2  conftest.c >&5
configure:7543: $? = 0
configure:7546: ar cru libconftest.a @conftest.lst >&5
configure:7549: $? = 0
configure:7554: ar cru libconftest.a @conftest.lst >&5
ar: conftest.o: No such file or directory
configure:7557: $? = 1
configure:7569: result: @
configure:7627: checking for strip
configure:7643: found /usr/bin/strip
configure:7654: result: strip
configure:7726: checking for ranlib
configure:7742: found /usr/bin/ranlib
configure:7753: result: ranlib
configure:7855: checking command to parse /usr/bin/nm -B output from gcc object
configure:7975: gcc -c -g -O2  conftest.c >&5
configure:7978: $? = 0
configure:7982: /usr/bin/nm -B conftest.o \| sed -n -e 's/^.*[ ]\([ABCDGIRSTW][ABCDGIRSTW]*\)[ ][ ]*\([_A-Za-z][_A-Za-z0-9]*\)$/\1 \2 \2/p' | sed '/ __gnu_lto/d' \> conftest.nm
configure:7985: $? = 0
configure:8051: gcc -o conftest -g -O2   conftest.c conftstm.o >&5
configure:8054: $? = 0
configure:8092: result: ok
configure:8129: checking for sysroot
configure:8159: result: no
configure:8236: gcc -c -g -O2  conftest.c >&5
configure:8239: $? = 0
configure:8428: checking for mt
configure:8458: result: no
configure:8478: checking if : is a manifest tool
configure:8484: : '-?'
configure:8492: result: no
configure:9131: checking for dlfcn.h
configure:9131: gcc -c -g -O2  conftest.c >&5
configure:9131: $? = 0
configure:9131: result: yes
configure:9635: checking for objdir
configure:9650: result: .libs
configure:9917: checking if gcc supports -fno-rtti -fno-exceptions
configure:9935: gcc -c -g -O2  -fno-rtti -fno-exceptions conftest.c >&5
cc1: warning: command line option '-fno-rtti' is valid for C++/ObjC++ but not for C
configure:9939: $? = 0
configure:9952: result: no
configure:10279: checking for gcc option to produce PIC
configure:10286: result: -fPIC -DPIC
configure:10294: checking if gcc PIC flag -fPIC -DPIC works
configure:10312: gcc -c -g -O2  -fPIC -DPIC -DPIC conftest.c >&5
configure:10316: $? = 0
configure:10329: result: yes
configure:10358: checking if gcc static flag -static works
configure:10386: result: yes
configure:10401: checking if gcc supports -c -o file.o
configure:10422: gcc -c -g -O2  -o out/conftest2.o conftest.c >&5
configure:10426: $? = 0
configure:10448: result: yes
configure:10456: checking if gcc supports -c -o file.o
configure:10503: result: yes
configure:10536: checking whether the gcc linker (/usr/bin/ld -m elf_x86_64) supports shared libraries
configure:11693: result: yes
configure:11730: checking whether -lc should be explicitly linked in
configure:11738: gcc -c -g -O2  conftest.c >&5
configure:11741: $? = 0
configure:11756: gcc -shared  -fPIC -DPIC conftest.o  -v -Wl,-soname -Wl,conftest -o conftest 2\>\&1 \| /bin/grep  -lc  \>/dev/null 2\>\&1
configure:11759: $? = 0
configure:11773: result: no
configure:11933: checking dynamic linker characteristics
configure:12433: gcc -o conftest -g -O2   -Wl,-rpath -Wl,/foo conftest.c  >&5
configure:12433: $? = 0
configure:12667: result: GNU/Linux ld.so
configure:12774: checking how to hardcode library paths into programs
configure:12799: result: immediate
configure:13339: checking whether stripping libraries is possible
configure:13344: result: yes
configure:13379: checking if libtool supports shared libraries
configure:13381: result: yes
configure:13384: checking whether to build shared libraries
configure:13405: result: yes
configure:13408: checking whether to build static libraries
configure:13412: result: yes
configure:13507: checking for pkg-config
configure:13525: found /usr/bin/pkg-config
configure:13537: result: /usr/bin/pkg-config
configure:13562: checking pkg-config is at least version 0.9.0
configure:13565: result: yes
configure:13575: checking for LIBDOTNET
configure:13582: $PKG_CONFIG --exists --print-errors "gobject-2.0 "
configure:13585: $? = 0
configure:13599: $PKG_CONFIG --exists --print-errors "gobject-2.0 "
configure:13602: $? = 0
configure:13660: result: yes
configure:13780: checking that generated files are newer than configure
configure:13786: result: done
configure:13821: creating ./config.status

## ---------------- ##
## Cache variables. ##
## ---------------- ##

ac_cv_build=x86_64-unknown-linux-gnu
ac_cv_c_compiler_gnu=yes
ac_cv_env_CC_set=
ac_cv_env_CC_value=
ac_cv_env_CFLAGS_set=
ac_cv_env_CFLAGS_value=
ac_cv_env_CPPFLAGS_set=
ac_cv_env_CPPFLAGS_value=
ac_cv_env_CPP_set=
ac_cv_env_CPP_value=
ac_cv_env_LDFLAGS_set=
ac_cv_env_LDFLAGS_value=
ac_cv_env_LIBDOTNET_CFLAGS_set=
ac_cv_env_LIBDOTNET_CFLAGS_value=
ac_cv_env_LIBDOTNET_LIBS_set=
ac_cv_env_LIBDOTNET_LIBS_value=
ac_cv_env_LIBS_set=
ac_cv_env_LIBS_value=
ac_cv_env_PKG_CONFIG_LIBDIR_set=
ac_cv_env_PKG_CONFIG_LIBDIR_value=
ac_cv_env_PKG_CONFIG_PATH_set=
ac_cv_env_PKG_CONFIG_PATH_value=
ac_cv_env_PKG_CONFIG_set=
ac_cv_env_PKG_CONFIG_value=
ac_cv_env_build_alias_set=
ac_cv_env_build_alias_value=
ac_cv_env_host_alias_set=
ac_cv_env_host_alias_value=
ac_cv_env_target_alias_set=
ac_cv_env_target_alias_value=
ac_cv_func_bind_textdomain_codeset=yes
ac_cv_func_dcgettext=yes
ac_cv_header_dlfcn_h=yes
ac_cv_header_inttypes_h=yes
ac_cv_header_libintl_h=yes
ac_cv_header_locale_h=yes
ac_cv_header_memory_h=yes
ac_cv_header_stdc=yes
ac_cv_header_stdint_h=yes
ac_cv_header_stdlib_h=yes
ac_cv_header_string_h=yes
ac_cv_header_strings_h=yes
ac_cv_header_sys_stat_h=yes
ac_cv_header_sys_types_h=yes
ac_cv_header_unistd_h=yes
ac_cv_host=x86_64-unknown-linux-gnu
ac_cv_objext=o
ac_cv_path_EGREP='/bin/grep -E'
ac_cv_path_FGREP='/bin/grep -F'
ac_cv_path_GMSGFMT=/usr/bin/msgfmt
ac_cv_path_GREP=/bin/grep
ac_cv_path_INTLTOOL_EXTRACT=/usr/bin/intltool-extract
ac_cv_path_INTLTOOL_MERGE=/usr/bin/intltool-merge
ac_cv_path_INTLTOOL_PERL=/usr/bin/perl
ac_cv_path_INTLTOOL_UPDATE=/usr/bin/intltool-update
ac_cv_path_MSGFMT=/usr/bin/msgfmt
ac_cv_path_MSGMERGE=/usr/bin/msgmerge
ac_cv_path_SED=/bin/sed
ac_cv_path_VALAC=/usr/local/bin/valac
ac_cv_path_XGETTEXT=/usr/bin/xgettext
ac_cv_path_ac_pt_PKG_CONFIG=/usr/bin/pkg-config
ac_cv_path_install='/usr/bin/install -c'
ac_cv_path_mkdir=/bin/mkdir
ac_cv_prog_AWK=mawk
ac_cv_prog_CPP='gcc -E'
ac_cv_prog_ac_ct_AR=ar
ac_cv_prog_ac_ct_CC=gcc
ac_cv_prog_ac_ct_OBJDUMP=objdump
ac_cv_prog_ac_ct_RANLIB=ranlib
ac_cv_prog_ac_ct_STRIP=strip
ac_cv_prog_cc_c89=
ac_cv_prog_cc_g=yes
ac_cv_prog_make_make_set=yes
am_cv_CC_dependencies_compiler_type=gcc3
am_cv_ar_interface=ar
am_cv_make_support_nested_variables=yes
am_cv_prog_cc_c_o=yes
am_cv_val_LC_MESSAGES=yes
gt_cv_func_dgettext_libc=yes
gt_cv_func_dgettext_libintl=no
gt_cv_func_ngettext_libc=yes
gt_cv_have_gettext=yes
lt_cv_ar_at_file=@
lt_cv_archive_cmds_need_lc=no
lt_cv_deplibs_check_method=pass_all
lt_cv_file_magic_cmd='$MAGIC_CMD'
lt_cv_file_magic_test_file=
lt_cv_ld_reload_flag=-r
lt_cv_nm_interface='BSD nm'
lt_cv_objdir=.libs
lt_cv_path_LD=/usr/bin/ld
lt_cv_path_NM='/usr/bin/nm -B'
lt_cv_path_mainfest_tool=no
lt_cv_prog_compiler_c_o=yes
lt_cv_prog_compiler_pic='-fPIC -DPIC'
lt_cv_prog_compiler_pic_works=yes
lt_cv_prog_compiler_rtti_exceptions=no
lt_cv_prog_compiler_static_works=yes
lt_cv_prog_gnu_ld=yes
lt_cv_sharedlib_from_linklib_cmd='printf %s\n'
lt_cv_shlibpath_overrides_runpath=no
lt_cv_sys_global_symbol_pipe='sed -n -e '\''s/^.*[	 ]\([ABCDGIRSTW][ABCDGIRSTW]*\)[	 ][	 ]*\([_A-Za-z][_A-Za-z0-9]*\)$/\1 \2 \2/p'\'' | sed '\''/ __gnu_lto/d'\'''
lt_cv_sys_global_symbol_to_c_name_address='sed -n -e '\''s/^: \([^ ]*\)[ ]*$/  {\"\1\", (void *) 0},/p'\'' -e '\''s/^[ABCDGIRSTW]* \([^ ]*\) \([^ ]*\)$/  {"\2", (void *) \&\2},/p'\'''
lt_cv_sys_global_symbol_to_c_name_address_lib_prefix='sed -n -e '\''s/^: \([^ ]*\)[ ]*$/  {\"\1\", (void *) 0},/p'\'' -e '\''s/^[ABCDGIRSTW]* \([^ ]*\) \(lib[^ ]*\)$/  {"\2", (void *) \&\2},/p'\'' -e '\''s/^[ABCDGIRSTW]* \([^ ]*\) \([^ ]*\)$/  {"lib\2", (void *) \&\2},/p'\'''
lt_cv_sys_global_symbol_to_cdecl='sed -n -e '\''s/^T .* \(.*\)$/extern int \1();/p'\'' -e '\''s/^[ABCDGIRSTW]* .* \(.*\)$/extern char \1;/p'\'''
lt_cv_sys_max_cmd_len=1572864
lt_cv_to_host_file_cmd=func_convert_file_noop
lt_cv_to_tool_file_cmd=func_convert_file_noop
pkg_cv_LIBDOTNET_CFLAGS='-I/usr/include/glib-2.0 -I/usr/lib/x86_64-linux-gnu/glib-2.0/include '
pkg_cv_LIBDOTNET_LIBS='-lgobject-2.0 -lglib-2.0 '

## ----------------- ##
## Output variables. ##
## ----------------- ##

ACLOCAL='${SHELL} /home/developer/projects/LibDotNet/missing aclocal-1.14'
ALL_LINGUAS=''
AMDEPBACKSLASH='\'
AMDEP_FALSE='#'
AMDEP_TRUE=''
AMTAR='$${TAR-tar}'
AM_BACKSLASH='\'
AM_DEFAULT_V='$(AM_DEFAULT_VERBOSITY)'
AM_DEFAULT_VERBOSITY='0'
AM_V='$(V)'
AR='ar'
AS='as'
AUTOCONF='${SHELL} /home/developer/projects/LibDotNet/missing autoconf'
AUTOHEADER='${SHELL} /home/developer/projects/LibDotNet/missing autoheader'
AUTOMAKE='${SHELL} /home/developer/projects/LibDotNet/missing automake-1.14'
AWK='mawk'
CATALOGS=''
CATOBJEXT='.gmo'
CC='gcc'
CCDEPMODE='depmode=gcc3'
CFLAGS='-g -O2'
CPP='gcc -E'
CPPFLAGS=''
CYGPATH_W='echo'
DATADIRNAME='share'
DEFS='-DHAVE_CONFIG_H'
DEPDIR='.deps'
DLLTOOL='false'
DSYMUTIL=''
DUMPBIN=''
ECHO_C=''
ECHO_N='-n'
ECHO_T=''
EGREP='/bin/grep -E'
EXEEXT=''
FGREP='/bin/grep -F'
GETTEXT_PACKAGE='libdotnet'
GMOFILES=''
GMSGFMT='/usr/bin/msgfmt'
GREP='/bin/grep'
INSTALL_DATA='${INSTALL} -m 644'
INSTALL_PROGRAM='${INSTALL}'
INSTALL_SCRIPT='${INSTALL}'
INSTALL_STRIP_PROGRAM='$(install_sh) -c -s'
INSTOBJEXT='.mo'
INTLLIBS=''
INTLTOOL_CAVES_RULE='%.caves:     %.caves.in     $(INTLTOOL_MERGE) $(wildcard $(top_srcdir)/po/*.po) ; $(INTLTOOL_V_MERGE)LC_ALL=C $(INTLTOOL_MERGE) $(INTLTOOL_V_MERGE_OPTIONS) -d -u -c $(top_builddir)/po/.intltool-merge-cache $(top_srcdir)/po $< $@'
INTLTOOL_DESKTOP_RULE='%.desktop:   %.desktop.in   $(INTLTOOL_MERGE) $(wildcard $(top_srcdir)/po/*.po) ; $(INTLTOOL_V_MERGE)LC_ALL=C $(INTLTOOL_MERGE) $(INTLTOOL_V_MERGE_OPTIONS) -d -u -c $(top_builddir)/po/.intltool-merge-cache $(top_srcdir)/po $< $@'
INTLTOOL_DIRECTORY_RULE='%.directory: %.directory.in $(INTLTOOL_MERGE) $(wildcard $(top_srcdir)/po/*.po) ; $(INTLTOOL_V_MERGE)LC_ALL=C $(INTLTOOL_MERGE) $(INTLTOOL_V_MERGE_OPTIONS) -d -u -c $(top_builddir)/po/.intltool-merge-cache $(top_srcdir)/po $< $@'
INTLTOOL_EXTRACT='/usr/bin/intltool-extract'
INTLTOOL_KBD_RULE='%.kbd:       %.kbd.in       $(INTLTOOL_MERGE) $(wildcard $(top_srcdir)/po/*.po) ; $(INTLTOOL_V_MERGE)LC_ALL=C $(INTLTOOL_MERGE) $(INTLTOOL_V_MERGE_OPTIONS) -x -u -m -c $(top_builddir)/po/.intltool-merge-cache $(top_srcdir)/po $< $@'
INTLTOOL_KEYS_RULE='%.keys:      %.keys.in      $(INTLTOOL_MERGE) $(wildcard $(top_srcdir)/po/*.po) ; $(INTLTOOL_V_MERGE)LC_ALL=C $(INTLTOOL_MERGE) $(INTLTOOL_V_MERGE_OPTIONS) -k -u -c $(top_builddir)/po/.intltool-merge-cache $(top_srcdir)/po $< $@'
INTLTOOL_MERGE='/usr/bin/intltool-merge'
INTLTOOL_OAF_RULE='%.oaf:       %.oaf.in       $(INTLTOOL_MERGE) $(wildcard $(top_srcdir)/po/*.po) ; $(INTLTOOL_V_MERGE)LC_ALL=C $(INTLTOOL_MERGE) $(INTLTOOL_V_MERGE_OPTIONS) -o -p $(top_srcdir)/po $< $@'
INTLTOOL_PERL='/usr/bin/perl'
INTLTOOL_POLICY_RULE='%.policy:    %.policy.in    $(INTLTOOL_MERGE) $(wildcard $(top_srcdir)/po/*.po) ; $(INTLTOOL_V_MERGE)LC_ALL=C $(INTLTOOL_MERGE) $(INTLTOOL_V_MERGE_OPTIONS) -x -u -c $(top_builddir)/po/.intltool-merge-cache $(top_srcdir)/po $< $@'
INTLTOOL_PONG_RULE='%.pong:      %.pong.in      $(INTLTOOL_MERGE) $(wildcard $(top_srcdir)/po/*.po) ; $(INTLTOOL_V_MERGE)LC_ALL=C $(INTLTOOL_MERGE) $(INTLTOOL_V_MERGE_OPTIONS) -x -u -c $(top_builddir)/po/.intltool-merge-cache $(top_srcdir)/po $< $@'
INTLTOOL_PROP_RULE='%.prop:      %.prop.in      $(INTLTOOL_MERGE) $(wildcard $(top_srcdir)/po/*.po) ; $(INTLTOOL_V_MERGE)LC_ALL=C $(INTLTOOL_MERGE) $(INTLTOOL_V_MERGE_OPTIONS) -d -u -c $(top_builddir)/po/.intltool-merge-cache $(top_srcdir)/po $< $@'
INTLTOOL_SCHEMAS_RULE='%.schemas:   %.schemas.in   $(INTLTOOL_MERGE) $(wildcard $(top_srcdir)/po/*.po) ; $(INTLTOOL_V_MERGE)LC_ALL=C $(INTLTOOL_MERGE) $(INTLTOOL_V_MERGE_OPTIONS) -s -u -c $(top_builddir)/po/.intltool-merge-cache $(top_srcdir)/po $< $@'
INTLTOOL_SERVER_RULE='%.server:    %.server.in    $(INTLTOOL_MERGE) $(wildcard $(top_srcdir)/po/*.po) ; $(INTLTOOL_V_MERGE)LC_ALL=C $(INTLTOOL_MERGE) $(INTLTOOL_V_MERGE_OPTIONS) -o -u -c $(top_builddir)/po/.intltool-merge-cache $(top_srcdir)/po $< $@'
INTLTOOL_SERVICE_RULE='%.service: %.service.in   $(INTLTOOL_MERGE) $(wildcard $(top_srcdir)/po/*.po) ; $(INTLTOOL_V_MERGE)LC_ALL=C $(INTLTOOL_MERGE) $(INTLTOOL_V_MERGE_OPTIONS) -d -u -c $(top_builddir)/po/.intltool-merge-cache $(top_srcdir)/po $< $@'
INTLTOOL_SHEET_RULE='%.sheet:     %.sheet.in     $(INTLTOOL_MERGE) $(wildcard $(top_srcdir)/po/*.po) ; $(INTLTOOL_V_MERGE)LC_ALL=C $(INTLTOOL_MERGE) $(INTLTOOL_V_MERGE_OPTIONS) -x -u -c $(top_builddir)/po/.intltool-merge-cache $(top_srcdir)/po $< $@'
INTLTOOL_SOUNDLIST_RULE='%.soundlist: %.soundlist.in $(INTLTOOL_MERGE) $(wildcard $(top_srcdir)/po/*.po) ; $(INTLTOOL_V_MERGE)LC_ALL=C $(INTLTOOL_MERGE) $(INTLTOOL_V_MERGE_OPTIONS) -d -u -c $(top_builddir)/po/.intltool-merge-cache $(top_srcdir)/po $< $@'
INTLTOOL_THEME_RULE='%.theme:     %.theme.in     $(INTLTOOL_MERGE) $(wildcard $(top_srcdir)/po/*.po) ; $(INTLTOOL_V_MERGE)LC_ALL=C $(INTLTOOL_MERGE) $(INTLTOOL_V_MERGE_OPTIONS) -d -u -c $(top_builddir)/po/.intltool-merge-cache $(top_srcdir)/po $< $@'
INTLTOOL_UI_RULE='%.ui:        %.ui.in        $(INTLTOOL_MERGE) $(wildcard $(top_srcdir)/po/*.po) ; $(INTLTOOL_V_MERGE)LC_ALL=C $(INTLTOOL_MERGE) $(INTLTOOL_V_MERGE_OPTIONS) -x -u -c $(top_builddir)/po/.intltool-merge-cache $(top_srcdir)/po $< $@'
INTLTOOL_UPDATE='/usr/bin/intltool-update'
INTLTOOL_V_MERGE='$(INTLTOOL__v_MERGE_$(V))'
INTLTOOL_V_MERGE_OPTIONS='$(intltool__v_merge_options_$(V))'
INTLTOOL_XAM_RULE='%.xam:       %.xml.in       $(INTLTOOL_MERGE) $(wildcard $(top_srcdir)/po/*.po) ; $(INTLTOOL_V_MERGE)LC_ALL=C $(INTLTOOL_MERGE) $(INTLTOOL_V_MERGE_OPTIONS) -x -u -c $(top_builddir)/po/.intltool-merge-cache $(top_srcdir)/po $< $@'
INTLTOOL_XML_NOMERGE_RULE='%.xml:       %.xml.in       $(INTLTOOL_MERGE) ; $(INTLTOOL_V_MERGE)LC_ALL=C $(INTLTOOL_MERGE) $(INTLTOOL_V_MERGE_OPTIONS) -x -u --no-translations $< $@'
INTLTOOL_XML_RULE='%.xml:       %.xml.in       $(INTLTOOL_MERGE) $(wildcard $(top_srcdir)/po/*.po) ; $(INTLTOOL_V_MERGE)LC_ALL=C $(INTLTOOL_MERGE) $(INTLTOOL_V_MERGE_OPTIONS) -x -u -c $(top_builddir)/po/.intltool-merge-cache $(top_srcdir)/po $< $@'
INTLTOOL__v_MERGE_0='@echo "  ITMRG " $@;'
INTLTOOL__v_MERGE_='$(INTLTOOL__v_MERGE_$(AM_DEFAULT_VERBOSITY))'
LD='/usr/bin/ld -m elf_x86_64'
LDFLAGS=''
LIBDOTNET_CFLAGS='-I/usr/include/glib-2.0 -I/usr/lib/x86_64-linux-gnu/glib-2.0/include '
LIBDOTNET_LIBS='-lgobject-2.0 -lglib-2.0 '
LIBOBJS=''
LIBS=''
LIBTOOL='$(SHELL) $(top_builddir)/libtool'
LIPO=''
LN_S='ln -s'
LTLIBOBJS=''
MAKEINFO='${SHELL} /home/developer/projects/LibDotNet/missing makeinfo'
MANIFEST_TOOL=':'
MKDIR_P='/bin/mkdir -p'
MKINSTALLDIRS='./mkinstalldirs'
MSGFMT='/usr/bin/msgfmt'
MSGFMT_OPTS='-c'
MSGMERGE='/usr/bin/msgmerge'
NATIVE_WIN32_FALSE=''
NATIVE_WIN32_TRUE='#'
NM='/usr/bin/nm -B'
NMEDIT=''
OBJDUMP='objdump'
OBJEXT='o'
OTOOL64=''
OTOOL=''
PACKAGE='libdotnet'
PACKAGE_BUGREPORT=''
PACKAGE_NAME='libdotnet'
PACKAGE_STRING='libdotnet 0.1'
PACKAGE_TARNAME='libdotnet'
PACKAGE_URL=''
PACKAGE_VERSION='0.1'
PATH_SEPARATOR=':'
PKG_CONFIG='/usr/bin/pkg-config'
PKG_CONFIG_LIBDIR=''
PKG_CONFIG_PATH=''
PLATFORM_WIN32_FALSE=''
PLATFORM_WIN32_TRUE='#'
POFILES=''
POSUB='po'
PO_IN_DATADIR_FALSE=''
PO_IN_DATADIR_TRUE=''
RANLIB='ranlib'
SED='/bin/sed'
SET_MAKE=''
SHELL='/bin/bash'
STRIP='strip'
USE_NLS='yes'
VALAC='/usr/local/bin/valac'
VERSION='0.1'
XGETTEXT='/usr/bin/xgettext'
ac_ct_AR='ar'
ac_ct_CC='gcc'
ac_ct_DUMPBIN=''
am__EXEEXT_FALSE=''
am__EXEEXT_TRUE='#'
am__fastdepCC_FALSE='#'
am__fastdepCC_TRUE=''
am__include='include'
am__isrc=''
am__leading_dot='.'
am__nodep='_no'
am__quote=''
am__tar='$${TAR-tar} chof - "$$tardir"'
am__untar='$${TAR-tar} xf -'
bindir='${exec_prefix}/bin'
build='x86_64-unknown-linux-gnu'
build_alias=''
build_cpu='x86_64'
build_os='linux-gnu'
build_vendor='unknown'
datadir='${datarootdir}'
datarootdir='${prefix}/share'
docdir='${datarootdir}/doc/${PACKAGE_TARNAME}'
dvidir='${docdir}'
exec_prefix='${prefix}'
host='x86_64-unknown-linux-gnu'
host_alias=''
host_cpu='x86_64'
host_os='linux-gnu'
host_vendor='unknown'
htmldir='${docdir}'
includedir='${prefix}/include'
infodir='${datarootdir}/info'
install_sh='${SHELL} /home/developer/projects/LibDotNet/install-sh'
intltool__v_merge_options_0='-q'
intltool__v_merge_options_='$(intltool__v_merge_options_$(AM_DEFAULT_VERBOSITY))'
libdir='${exec_prefix}/lib'
libexecdir='${exec_prefix}/libexec'
localedir='${datarootdir}/locale'
localstatedir='${prefix}/var'
mandir='${datarootdir}/man'
mkdir_p='$(MKDIR_P)'
oldincludedir='/usr/include'
pdfdir='${docdir}'
pkg_modules='gobject-2.0 '
prefix='/usr/local'
program_transform_name='s,x,x,'
psdir='${docdir}'
sbindir='${exec_prefix}/sbin'
sharedstatedir='${prefix}/com'
sysconfdir='${prefix}/etc'
target_alias=''

## ----------- ##
## confdefs.h. ##
## ----------- ##

/* confdefs.h */
#define PACKAGE_NAME "libdotnet"
#define PACKAGE_TARNAME "libdotnet"
#define PACKAGE_VERSION "0.1"
#define PACKAGE_STRING "libdotnet 0.1"
#define PACKAGE_BUGREPORT ""
#define PACKAGE_URL ""
#define PACKAGE "libdotnet"
#define VERSION "0.1"
#define GETTEXT_PACKAGE "libdotnet"
#define STDC_HEADERS 1
#define HAVE_SYS_TYPES_H 1
#define HAVE_SYS_STAT_H 1
#define HAVE_STDLIB_H 1
#define HAVE_STRING_H 1
#define HAVE_MEMORY_H 1
#define HAVE_STRINGS_H 1
#define HAVE_INTTYPES_H 1
#define HAVE_STDINT_H 1
#define HAVE_UNISTD_H 1
#define HAVE_LOCALE_H 1
#define HAVE_LC_MESSAGES 1
#define HAVE_BIND_TEXTDOMAIN_CODESET 1
#define HAVE_GETTEXT 1
#define HAVE_DCGETTEXT 1
#define ENABLE_NLS 1
#define HAVE_DLFCN_H 1
#define LT_OBJDIR ".libs/"

configure: exit 0

## ---------------------- ##
## Running config.status. ##
## ---------------------- ##

This file was extended by libdotnet config.status 0.1, which was
generated by GNU Autoconf 2.69.  Invocation command line was

  CONFIG_FILES    = 
  CONFIG_HEADERS  = 
  CONFIG_LINKS    = 
  CONFIG_COMMANDS = 
  $ ./config.status 

on ace

config.status:1173: creating Makefile
config.status:1173: creating src/libdotnet-0.1.pc
config.status:1173: creating src/Makefile
config.status:1173: creating po/Makefile.in
config.status:1173: creating config.h
config.status:1354: config.h is unchanged
config.status:1402: executing depfiles commands
config.status:1402: executing default-1 commands
config.status:1402: executing libtool commands
config.status:1402: executing po/stamp-it commands

## ---------------------- ##
## Running config.status. ##
## ---------------------- ##

This file was extended by libdotnet config.status 0.1, which was
generated by GNU Autoconf 2.69.  Invocation command line was

  CONFIG_FILES    = 
  CONFIG_HEADERS  = 
  CONFIG_LINKS    = 
  CONFIG_COMMANDS = 
  $ ./config.status config.h

on ace

config.status:1173: creating config.h
config.status:1354: config.h is unchanged
